# JRE version: OpenJDK Runtime Environment (17.0.2+8) (build 17.0.2+8-86)
# Java VM: OpenJDK 64-Bit Server VM (17.0.2+8-86, mixed mode, sharing, tiered, compressed oops, compressed class ptrs, g1 gc, windows-amd64)
GC Precious Log:
 CPUs: 8 total, 8 available
 Memory: 16064M
 Large Page Support: Disabled
 NUMA Support: Disabled
 Compressed Oops: Enabled (Zero based)
 Heap Region Size: 2M
 Heap Min Capacity: 8M
 Heap Initial Capacity: 252M
 Heap Max Capacity: 4018M
 Pre-touch: Disabled
 Parallel Workers: 8
 Concurrent Workers: 2
 Concurrent Refinement Workers: 8
 Periodic GC: Disabled
Heap:
 garbage-first heap   total 69632K, used 31310K [0x0000000704e00000, 0x0000000800000000)
  region size 2048K, 5 young (10240K), 1 survivors (2048K)
 Metaspace       used 39667K, committed 40000K, reserved 1089536K
  class space    used 5195K, committed 5376K, reserved 1048576K
GC Heap History (18 events):
Event: 1.447 GC heap before
{Heap before GC invocations=0 (full 0):
 garbage-first heap   total 258048K, used 20480K [0x0000000704e00000, 0x0000000800000000)
  region size 2048K, 11 young (22528K), 0 survivors (0K)
 Metaspace       used 4584K, committed 4736K, reserved 1056768K
  class space    used 492K, committed 576K, reserved 1048576K
}
Event: 1.457 GC heap after
{Heap after GC invocations=1 (full 0):
 garbage-first heap   total 258048K, used 7414K [0x0000000704e00000, 0x0000000800000000)
  region size 2048K, 2 young (4096K), 2 survivors (4096K)
 Metaspace       used 4584K, committed 4736K, reserved 1056768K
  class space    used 492K, committed 576K, reserved 1048576K
}
Event: 2.002 GC heap before
{Heap before GC invocations=1 (full 0):
 garbage-first heap   total 258048K, used 23798K [0x0000000704e00000, 0x0000000800000000)
  region size 2048K, 10 young (20480K), 2 survivors (4096K)
 Metaspace       used 7387K, committed 7552K, reserved 1056768K
  class space    used 847K, committed 960K, reserved 1048576K
}
Event: 2.007 GC heap after
{Heap after GC invocations=2 (full 0):
 garbage-first heap   total 258048K, used 11603K [0x0000000704e00000, 0x0000000800000000)
  region size 2048K, 2 young (4096K), 2 survivors (4096K)
 Metaspace       used 7387K, committed 7552K, reserved 1056768K
  class space    used 847K, committed 960K, reserved 1048576K
}
Event: 3.260 GC heap before
{Heap before GC invocations=2 (full 0):
 garbage-first heap   total 258048K, used 46419K [0x0000000704e00000, 0x0000000800000000)
  region size 2048K, 20 young (40960K), 2 survivors (4096K)
 Metaspace       used 15789K, committed 16000K, reserved 1064960K
  class space    used 2088K, committed 2176K, reserved 1048576K
}
Event: 3.267 GC heap after
{Heap after GC invocations=3 (full 0):
 garbage-first heap   total 258048K, used 13858K [0x0000000704e00000, 0x0000000800000000)
  region size 2048K, 2 young (4096K), 2 survivors (4096K)
 Metaspace       used 15789K, committed 16000K, reserved 1064960K
  class space    used 2088K, committed 2176K, reserved 1048576K
}
Event: 3.812 GC heap before
{Heap before GC invocations=3 (full 0):
 garbage-first heap   total 258048K, used 44578K [0x0000000704e00000, 0x0000000800000000)
  region size 2048K, 18 young (36864K), 2 survivors (4096K)
 Metaspace       used 21249K, committed 21504K, reserved 1073152K
  class space    used 2695K, committed 2816K, reserved 1048576K
}
Event: 3.815 GC heap after
{Heap after GC invocations=4 (full 0):
 garbage-first heap   total 258048K, used 15379K [0x0000000704e00000, 0x0000000800000000)
  region size 2048K, 3 young (6144K), 3 survivors (6144K)
 Metaspace       used 21249K, committed 21504K, reserved 1073152K
  class space    used 2695K, committed 2816K, reserved 1048576K
}
Event: 5.274 GC heap before
{Heap before GC invocations=5 (full 0):
 garbage-first heap   total 69632K, used 50195K [0x0000000704e00000, 0x0000000800000000)
  region size 2048K, 20 young (40960K), 3 survivors (6144K)
 Metaspace       used 25640K, committed 25920K, reserved 1073152K
  class space    used 3367K, committed 3456K, reserved 1048576K
}
Event: 5.280 GC heap after
{Heap after GC invocations=6 (full 0):
 garbage-first heap   total 69632K, used 17084K [0x0000000704e00000, 0x0000000800000000)
  region size 2048K, 2 young (4096K), 2 survivors (4096K)
 Metaspace       used 25640K, committed 25920K, reserved 1073152K
  class space    used 3367K, committed 3456K, reserved 1048576K
}
Event: 7.517 GC heap before
{Heap before GC invocations=6 (full 0):
 garbage-first heap   total 69632K, used 43708K [0x0000000704e00000, 0x0000000800000000)
  region size 2048K, 15 young (30720K), 2 survivors (4096K)
 Metaspace       used 31501K, committed 31808K, reserved 1081344K
  class space    used 4140K, committed 4288K, reserved 1048576K
}
Event: 7.524 GC heap after
{Heap after GC invocations=7 (full 0):
 garbage-first heap   total 69632K, used 19453K [0x0000000704e00000, 0x0000000800000000)
  region size 2048K, 2 young (4096K), 2 survivors (4096K)
 Metaspace       used 31501K, committed 31808K, reserved 1081344K
  class space    used 4140K, committed 4288K, reserved 1048576K
}
Event: 9.123 GC heap before
{Heap before GC invocations=7 (full 0):
 garbage-first heap   total 69632K, used 44029K [0x0000000704e00000, 0x0000000800000000)
  region size 2048K, 15 young (30720K), 2 survivors (4096K)
 Metaspace       used 35275K, committed 35648K, reserved 1081344K
  class space    used 4572K, committed 4736K, reserved 1048576K
}
Event: 9.129 GC heap after
{Heap after GC invocations=8 (full 0):
 garbage-first heap   total 69632K, used 24377K [0x0000000704e00000, 0x0000000800000000)
  region size 2048K, 2 young (4096K), 2 survivors (4096K)
 Metaspace       used 35275K, committed 35648K, reserved 1081344K
  class space    used 4572K, committed 4736K, reserved 1048576K
}
Event: 9.615 GC heap before
{Heap before GC invocations=8 (full 0):
 garbage-first heap   total 69632K, used 40761K [0x0000000704e00000, 0x0000000800000000)
  region size 2048K, 11 young (22528K), 2 survivors (4096K)
 Metaspace       used 35680K, committed 35968K, reserved 1081344K
  class space    used 4606K, committed 4736K, reserved 1048576K
}
Event: 9.619 GC heap after
{Heap after GC invocations=9 (full 0):
 garbage-first heap   total 69632K, used 24069K [0x0000000704e00000, 0x0000000800000000)
  region size 2048K, 1 young (2048K), 1 survivors (2048K)
 Metaspace       used 35680K, committed 35968K, reserved 1081344K
  class space    used 4606K, committed 4736K, reserved 1048576K
}
Event: 10.841 GC heap before
{Heap before GC invocations=10 (full 0):
 garbage-first heap   total 69632K, used 48645K [0x0000000704e00000, 0x0000000800000000)
  region size 2048K, 13 young (26624K), 1 survivors (2048K)
 Metaspace       used 38270K, committed 38592K, reserved 1089536K
  class space    used 4967K, committed 5120K, reserved 1048576K
}
Event: 10.846 GC heap after
{Heap after GC invocations=11 (full 0):
 garbage-first heap   total 69632K, used 25166K [0x0000000704e00000, 0x0000000800000000)
  region size 2048K, 1 young (2048K), 1 survivors (2048K)
 Metaspace       used 38270K, committed 38592K, reserved 1089536K
  class space    used 4967K, committed 5120K, reserved 1048576K
}

